{"C:\\Users\\Albert\\Desktop\\Programacio\\Programes utilitzats\\React\\LEARNING\\React Vitest TDD\\components\\Calculator.jsx": {"path":"C:\\Users\\Albert\\Desktop\\Programacio\\Programes utilitzats\\React\\LEARNING\\React Vitest TDD\\components\\Calculator.jsx","all":false,"statementMap":{"0":{"start":{"line":1,"column":0},"end":{"line":1,"column":32}},"1":{"start":{"line":2,"column":0},"end":{"line":2,"column":33}},"2":{"start":{"line":3,"column":0},"end":{"line":3,"column":0}},"3":{"start":{"line":4,"column":0},"end":{"line":4,"column":53}},"4":{"start":{"line":5,"column":0},"end":{"line":5,"column":14}},"5":{"start":{"line":6,"column":0},"end":{"line":6,"column":12}},"6":{"start":{"line":7,"column":0},"end":{"line":7,"column":12}},"7":{"start":{"line":8,"column":0},"end":{"line":8,"column":12}},"8":{"start":{"line":9,"column":0},"end":{"line":9,"column":5}},"9":{"start":{"line":10,"column":0},"end":{"line":10,"column":1}},"10":{"start":{"line":11,"column":0},"end":{"line":11,"column":0}},"11":{"start":{"line":12,"column":0},"end":{"line":12,"column":46}},"12":{"start":{"line":13,"column":0},"end":{"line":13,"column":28}},"13":{"start":{"line":14,"column":0},"end":{"line":14,"column":0}},"14":{"start":{"line":15,"column":0},"end":{"line":15,"column":33}},"15":{"start":{"line":16,"column":0},"end":{"line":16,"column":40}},"16":{"start":{"line":17,"column":0},"end":{"line":17,"column":0}},"17":{"start":{"line":18,"column":0},"end":{"line":18,"column":38}},"18":{"start":{"line":19,"column":0},"end":{"line":19,"column":35}},"19":{"start":{"line":20,"column":0},"end":{"line":20,"column":3}},"20":{"start":{"line":21,"column":0},"end":{"line":21,"column":0}},"21":{"start":{"line":22,"column":0},"end":{"line":22,"column":10}},"22":{"start":{"line":23,"column":0},"end":{"line":23,"column":13}},"23":{"start":{"line":24,"column":0},"end":{"line":24,"column":25}},"24":{"start":{"line":25,"column":0},"end":{"line":25,"column":38}},"25":{"start":{"line":26,"column":0},"end":{"line":26,"column":23}},"26":{"start":{"line":27,"column":0},"end":{"line":27,"column":35}},"27":{"start":{"line":28,"column":0},"end":{"line":28,"column":38}},"28":{"start":{"line":29,"column":0},"end":{"line":29,"column":109}},"29":{"start":{"line":30,"column":0},"end":{"line":30,"column":16}},"30":{"start":{"line":31,"column":0},"end":{"line":31,"column":11}},"31":{"start":{"line":32,"column":0},"end":{"line":32,"column":12}},"32":{"start":{"line":33,"column":0},"end":{"line":33,"column":7}},"33":{"start":{"line":34,"column":0},"end":{"line":34,"column":37}},"34":{"start":{"line":35,"column":0},"end":{"line":35,"column":95}},"35":{"start":{"line":36,"column":0},"end":{"line":36,"column":10}},"36":{"start":{"line":37,"column":0},"end":{"line":37,"column":7}},"37":{"start":{"line":38,"column":0},"end":{"line":38,"column":76}},"38":{"start":{"line":39,"column":0},"end":{"line":39,"column":14}},"39":{"start":{"line":40,"column":0},"end":{"line":40,"column":3}},"40":{"start":{"line":41,"column":0},"end":{"line":41,"column":1}}},"s":{"0":1,"1":1,"2":1,"3":1,"4":1,"5":1,"6":1,"7":1,"8":1,"9":1,"10":1,"11":1,"12":1,"13":1,"14":1,"15":23,"16":23,"17":23,"18":10,"19":10,"20":23,"21":23,"22":23,"23":23,"24":23,"25":23,"26":23,"27":92,"28":92,"29":92,"30":23,"31":23,"32":23,"33":23,"34":92,"35":23,"36":23,"37":23,"38":23,"39":23,"40":23},"branchMap":{"0":{"type":"branch","line":15,"loc":{"start":{"line":15,"column":26},"end":{"line":41,"column":1}},"locations":[{"start":{"line":15,"column":26},"end":{"line":41,"column":1}}]},"1":{"type":"branch","line":18,"loc":{"start":{"line":18,"column":24},"end":{"line":20,"column":3}},"locations":[{"start":{"line":18,"column":24},"end":{"line":20,"column":3}}]},"2":{"type":"branch","line":27,"loc":{"start":{"line":27,"column":18},"end":{"line":30,"column":16}},"locations":[{"start":{"line":27,"column":18},"end":{"line":30,"column":16}}]},"3":{"type":"branch","line":29,"loc":{"start":{"line":29,"column":21},"end":{"line":29,"column":107}},"locations":[{"start":{"line":29,"column":21},"end":{"line":29,"column":107}}]},"4":{"type":"branch","line":29,"loc":{"start":{"line":29,"column":48},"end":{"line":29,"column":82}},"locations":[{"start":{"line":29,"column":48},"end":{"line":29,"column":82}}]},"5":{"type":"branch","line":34,"loc":{"start":{"line":34,"column":23},"end":{"line":35,"column":95}},"locations":[{"start":{"line":34,"column":23},"end":{"line":35,"column":95}}]},"6":{"type":"branch","line":35,"loc":{"start":{"line":35,"column":43},"end":{"line":35,"column":76}},"locations":[{"start":{"line":35,"column":43},"end":{"line":35,"column":76}}]},"7":{"type":"branch","line":38,"loc":{"start":{"line":38,"column":23},"end":{"line":38,"column":57}},"locations":[{"start":{"line":38,"column":23},"end":{"line":38,"column":57}}]}},"b":{"0":[23],"1":[10],"2":[92],"3":[230],"4":[8],"5":[92],"6":[2],"7":[1]},"fnMap":{"0":{"name":"Calculator","decl":{"start":{"line":15,"column":26},"end":{"line":41,"column":1}},"loc":{"start":{"line":15,"column":26},"end":{"line":41,"column":1}},"line":15},"1":{"name":"handleElement","decl":{"start":{"line":18,"column":24},"end":{"line":20,"column":3}},"loc":{"start":{"line":18,"column":24},"end":{"line":20,"column":3}},"line":18},"2":{"name":"onClick","decl":{"start":{"line":29,"column":48},"end":{"line":29,"column":82}},"loc":{"start":{"line":29,"column":48},"end":{"line":29,"column":82}},"line":29},"3":{"name":"onClick","decl":{"start":{"line":35,"column":43},"end":{"line":35,"column":76}},"loc":{"start":{"line":35,"column":43},"end":{"line":35,"column":76}},"line":35},"4":{"name":"onClick","decl":{"start":{"line":38,"column":23},"end":{"line":38,"column":57}},"loc":{"start":{"line":38,"column":23},"end":{"line":38,"column":57}},"line":38}},"f":{"0":23,"1":10,"2":8,"3":2,"4":1}}
,"C:\\Users\\Albert\\Desktop\\Programacio\\Programes utilitzats\\React\\LEARNING\\React Vitest TDD\\src\\main.jsx": {"path":"C:\\Users\\Albert\\Desktop\\Programacio\\Programes utilitzats\\React\\LEARNING\\React Vitest TDD\\src\\main.jsx","all":true,"statementMap":{"0":{"start":{"line":1,"column":0},"end":{"line":1,"column":45}},"1":{"start":{"line":2,"column":0},"end":{"line":2,"column":53}},"2":{"start":{"line":3,"column":0},"end":{"line":3,"column":0}},"3":{"start":{"line":4,"column":0},"end":{"line":4,"column":11}},"4":{"start":{"line":5,"column":0},"end":{"line":5,"column":33}},"5":{"start":{"line":6,"column":0},"end":{"line":6,"column":9}},"6":{"start":{"line":7,"column":0},"end":{"line":7,"column":16}},"7":{"start":{"line":8,"column":0},"end":{"line":8,"column":1}}},"s":{"0":0,"1":0,"2":0,"3":0,"4":0,"5":0,"6":0,"7":0},"branchMap":{"0":{"type":"branch","line":1,"loc":{"start":{"line":1,"column":0},"end":{"line":8,"column":1}},"locations":[{"start":{"line":1,"column":0},"end":{"line":8,"column":1}}]}},"b":{"0":[0]},"fnMap":{"0":{"name":"(empty-report)","decl":{"start":{"line":1,"column":0},"end":{"line":8,"column":1}},"loc":{"start":{"line":1,"column":0},"end":{"line":8,"column":1}},"line":1}},"f":{"0":0}}
}
